[2025-01-08 18:06:08,825][utils.train_utils][INFO] - Distributed environment: DistributedType.MULTI_GPU  Backend: nccl
Num processes: 8
Process index: 0
Local process index: 0
Device: cuda:0

Mixed precision type: no

[2025-01-08 18:06:10,116][utils.train_utils][INFO] - Distributed environment: DistributedType.MULTI_GPU  Backend: nccl
Num processes: 8
Process index: 4
Local process index: 4
Device: cuda:4

Mixed precision type: no

[2025-01-08 18:06:10,208][utils.train_utils][INFO] - Distributed environment: DistributedType.MULTI_GPU  Backend: nccl
Num processes: 8
Process index: 6
Local process index: 6
Device: cuda:6

Mixed precision type: no

[2025-01-08 18:06:10,260][utils.train_utils][INFO] - Distributed environment: DistributedType.MULTI_GPU  Backend: nccl
Num processes: 8
Process index: 2
Local process index: 2
Device: cuda:2

Mixed precision type: no

[2025-01-08 18:06:10,271][utils.train_utils][INFO] - Distributed environment: DistributedType.MULTI_GPU  Backend: nccl
Num processes: 8
Process index: 5
Local process index: 5
Device: cuda:5

Mixed precision type: no

[2025-01-08 18:06:10,286][utils.train_utils][INFO] - Distributed environment: DistributedType.MULTI_GPU  Backend: nccl
Num processes: 8
Process index: 7
Local process index: 7
Device: cuda:7

Mixed precision type: no

[2025-01-08 18:06:10,314][utils.train_utils][INFO] - Distributed environment: DistributedType.MULTI_GPU  Backend: nccl
Num processes: 8
Process index: 1
Local process index: 1
Device: cuda:1

Mixed precision type: no

[2025-01-08 18:06:10,323][utils.train_utils][INFO] - Distributed environment: DistributedType.MULTI_GPU  Backend: nccl
Num processes: 8
Process index: 3
Local process index: 3
Device: cuda:3

Mixed precision type: no

