[2025-01-23 22:03:09,856][utils.train_utils][INFO] - Distributed environment: DistributedType.MULTI_GPU  Backend: nccl
Num processes: 4
Process index: 3
Local process index: 3
Device: cuda:3

Mixed precision type: no

[2025-01-23 22:03:09,936][utils.train_utils][INFO] - Distributed environment: DistributedType.MULTI_GPU  Backend: nccl
Num processes: 4
Process index: 2
Local process index: 2
Device: cuda:2

Mixed precision type: no

[2025-01-23 22:03:09,946][utils.train_utils][INFO] - Distributed environment: DistributedType.MULTI_GPU  Backend: nccl
Num processes: 4
Process index: 1
Local process index: 1
Device: cuda:1

Mixed precision type: no

[2025-01-23 22:03:10,735][utils.train_utils][INFO] - Distributed environment: DistributedType.MULTI_GPU  Backend: nccl
Num processes: 4
Process index: 0
Local process index: 0
Device: cuda:0

Mixed precision type: no

